<?xml version="1.0" encoding="UTF-8" ?>
<testsuite failures="0" time="0" errors="0" skipped="0" tests="0" name="Test">
  <properties>
    <property name="java.runtime.name" value="Java(TM) SE Runtime Environment"/>
    <property name="sun.boot.library.path" value="C:\Program Files\Java\jdk1.6.0_25\jre\bin"/>
    <property name="java.vm.version" value="20.0-b11"/>
    <property name="java.vm.vendor" value="Sun Microsystems Inc."/>
    <property name="java.vendor.url" value="http://java.sun.com/"/>
    <property name="path.separator" value=";"/>
    <property name="java.vm.name" value="Java HotSpot(TM) Client VM"/>
    <property name="file.encoding.pkg" value="sun.io"/>
    <property name="user.country" value="CN"/>
    <property name="sun.java.launcher" value="SUN_STANDARD"/>
    <property name="sun.os.patch.level" value="Service Pack 3"/>
    <property name="java.vm.specification.name" value="Java Virtual Machine Specification"/>
    <property name="user.dir" value="E:\hiveWorkspace\hive-privilege"/>
    <property name="java.runtime.version" value="1.6.0_25-b06"/>
    <property name="java.awt.graphicsenv" value="sun.awt.Win32GraphicsEnvironment"/>
    <property name="basedir" value="E:\hiveWorkspace\hive-privilege"/>
    <property name="java.endorsed.dirs" value="C:\Program Files\Java\jdk1.6.0_25\jre\lib\endorsed"/>
    <property name="os.arch" value="x86"/>
    <property name="surefire.real.class.path" value="E:\hiveWorkspace\hive-privilege\target\surefire\surefirebooter6095505374534934158.jar"/>
    <property name="java.io.tmpdir" value="C:\DOCUME~1\ADMINI~1\LOCALS~1\Temp\"/>
    <property name="line.separator" value="
"/>
    <property name="java.vm.specification.vendor" value="Sun Microsystems Inc."/>
    <property name="user.variant" value=""/>
    <property name="os.name" value="Windows XP"/>
    <property name="sun.jnu.encoding" value="GBK"/>
    <property name="java.library.path" value="C:\Program Files\Java\jdk1.6.0_25\jre\bin;.;C:\WINDOWS\Sun\Java\bin;C:\WINDOWS\system32;C:\WINDOWS;C:\WINDOWS\system32;C:\WINDOWS;C:\WINDOWS\System32\Wbem;C:\Program Files\Common Files\Thunder Network\KanKan\Codecs;C:\Program Files\Java\jdk1.6.0_25\bin;C:\Program Files\Java\jdk1.6.0_25\jre\bin;C:\Program Files\ThinkPad Wireless LAN Adapter Software;C:\Program Files\Intel\DMIX;E:\Android\android-sdk-windows\tools;E:\apache-maven\apache-maven-3.0.3\bin;D:\Subversion\Subversion\bin;C:\Program Files\TortoiseSVN\bin;E:\java\源码研究\tuscany-sca-2.0-Beta3\bin;E:\杂耍\pax-construct-1.5\bin;C:\Program Files\StormII\Codec;C:\Program Files\StormII;C:\Program Files\IDM Computer Solutions\UltraEdit\;C:\Program Files\SSH Communications Security\SSH Secure Shell"/>
    <property name="surefire.test.class.path" value="E:\hiveWorkspace\hive-privilege\target\test-classes;E:\hiveWorkspace\hive-privilege\target\classes;E:\home\liuxianbing\.m2\repository\org\apache\hive\hive-exec\0.8.0\hive-exec-0.8.0.jar;E:\home\liuxianbing\.m2\repository\org\apache\hive\hive-common\0.8.0\hive-common-0.8.0.jar;E:\home\liuxianbing\.m2\repository\commons-cli\commons-cli\1.2\commons-cli-1.2.jar;E:\home\liuxianbing\.m2\repository\org\apache\hive\hive-metastore\0.8.0\hive-metastore-0.8.0.jar;E:\home\liuxianbing\.m2\repository\commons-dbcp\commons-dbcp\1.4\commons-dbcp-1.4.jar;E:\home\liuxianbing\.m2\repository\commons-pool\commons-pool\1.5.4\commons-pool-1.5.4.jar;E:\home\liuxianbing\.m2\repository\org\datanucleus\datanucleus-connectionpool\2.0.3\datanucleus-connectionpool-2.0.3.jar;E:\home\liuxianbing\.m2\repository\org\datanucleus\datanucleus-core\2.0.3\datanucleus-core-2.0.3.jar;E:\home\liuxianbing\.m2\repository\org\datanucleus\datanucleus-enhancer\2.0.3\datanucleus-enhancer-2.0.3.jar;E:\home\liuxianbing\.m2\repository\org\datanucleus\datanucleus-rdbms\2.0.3\datanucleus-rdbms-2.0.3.jar;E:\home\liuxianbing\.m2\repository\org\apache\thrift\libfb303\0.7.0\libfb303-0.7.0.jar;E:\home\liuxianbing\.m2\repository\asm\asm\3.1\asm-3.1.jar;E:\home\liuxianbing\.m2\repository\org\apache\hive\hive-serde\0.8.0\hive-serde-0.8.0.jar;E:\home\liuxianbing\.m2\repository\org\mockito\mockito-all\1.8.2\mockito-all-1.8.2.jar;E:\home\liuxianbing\.m2\repository\commons-codec\commons-codec\1.3\commons-codec-1.3.jar;E:\home\liuxianbing\.m2\repository\org\apache\hive\hive-shims\0.8.0\hive-shims-0.8.0.jar;E:\home\liuxianbing\.m2\repository\org\antlr\antlr\3.0.1\antlr-3.0.1.jar;E:\home\liuxianbing\.m2\repository\org\antlr\stringtemplate\3.1-b1\stringtemplate-3.1-b1.jar;E:\home\liuxianbing\.m2\repository\antlr\antlr\2.7.7\antlr-2.7.7.jar;E:\home\liuxianbing\.m2\repository\org\antlr\antlr-runtime\3.0.1\antlr-runtime-3.0.1.jar;E:\home\liuxianbing\.m2\repository\org\apache\zookeeper\zookeeper\3.3.1\zookeeper-3.3.1.jar;E:\home\liuxianbing\.m2\repository\jline\jline\0.9.94\jline-0.9.94.jar;E:\home\liuxianbing\.m2\repository\junit\junit\3.8.1\junit-3.8.1.jar;E:\home\liuxianbing\.m2\repository\com\google\guava\guava\r06\guava-r06.jar;E:\home\liuxianbing\.m2\repository\org\apache\thrift\libthrift\0.7.0\libthrift-0.7.0.jar;E:\home\liuxianbing\.m2\repository\javax\servlet\servlet-api\2.5\servlet-api-2.5.jar;E:\home\liuxianbing\.m2\repository\log4j\log4j\1.2.16\log4j-1.2.16.jar;E:\home\liuxianbing\.m2\repository\org\json\json\20090211\json-20090211.jar;E:\home\liuxianbing\.m2\repository\commons-collections\commons-collections\3.2.1\commons-collections-3.2.1.jar;E:\home\liuxianbing\.m2\repository\commons-lang\commons-lang\2.4\commons-lang-2.4.jar;E:\home\liuxianbing\.m2\repository\commons-logging\commons-logging\1.0.4\commons-logging-1.0.4.jar;E:\home\liuxianbing\.m2\repository\commons-logging\commons-logging-api\1.0.4\commons-logging-api-1.0.4.jar;E:\home\liuxianbing\.m2\repository\org\apache\derby\derby\10.4.2.0\derby-10.4.2.0.jar;E:\home\liuxianbing\.m2\repository\org\apache\hadoop\hive\hive-common\0.8.0\hive-common-0.8.0.jar;E:\home\liuxianbing\.m2\repository\org\apache\hadoop\hive\hive-metastore\0.8.0\hive-metastore-0.8.0.jar;E:\home\liuxianbing\.m2\repository\org\apache\hadoop\hive\hive-jdbc\0.8.0\hive-jdbc-0.8.0.jar;E:\home\liuxianbing\.m2\repository\com\facebook\thrift-fb303\0.5.0\thrift-fb303-0.5.0.jar;E:\home\liuxianbing\.m2\repository\com\facebook\thrift\0.5\thrift-0.5.jar;E:\home\liuxianbing\.m2\repository\org\apache\hadoop\hive\hive_serde\0.8.0-SNAPSHOT\hive_serde-0.8.0-SNAPSHOT.jar;E:\home\liuxianbing\.m2\repository\org\apache\hadoop\hive\hive-service\0.8.0\hive-service-0.8.0.jar;E:\home\liuxianbing\.m2\repository\genome\ge-utils\1.0.0-SNAPSHOT\ge-utils-1.0.0-SNAPSHOT.jar;E:\home\liuxianbing\.m2\repository\net\sourceforge\javacsv\javacsv\2.0\javacsv-2.0.jar;E:\home\liuxianbing\.m2\repository\org\apache\poi\poi\3.8-beta4\poi-3.8-beta4.jar;E:\home\liuxianbing\.m2\repository\org\apache\poi\poi-ooxml\3.8-beta4\poi-ooxml-3.8-beta4.jar;E:\home\liuxianbing\.m2\repository\org\apache\poi\poi-ooxml-schemas\3.8-beta4\poi-ooxml-schemas-3.8-beta4.jar;E:\home\liuxianbing\.m2\repository\org\apache\xmlbeans\xmlbeans\2.3.0\xmlbeans-2.3.0.jar;E:\home\liuxianbing\.m2\repository\stax\stax-api\1.0.1\stax-api-1.0.1.jar;E:\home\liuxianbing\.m2\repository\dom4j\dom4j\1.6.1\dom4j-1.6.1.jar;E:\home\liuxianbing\.m2\repository\xml-apis\xml-apis\1.0.b2\xml-apis-1.0.b2.jar;E:\home\liuxianbing\.m2\repository\org\codehaus\jackson\jackson-mapper-asl\1.9.4\jackson-mapper-asl-1.9.4.jar;E:\home\liuxianbing\.m2\repository\org\codehaus\jackson\jackson-core-asl\1.9.4\jackson-core-asl-1.9.4.jar;E:\home\liuxianbing\.m2\repository\org\codehaus\jackson\jackson-core-lgpl\1.9.4\jackson-core-lgpl-1.9.4.jar;E:\home\liuxianbing\.m2\repository\commons-dbutils\commons-dbutils\1.5\commons-dbutils-1.5.jar;E:\home\liuxianbing\.m2\repository\org\apache\hadoop\hadoop-common\0.21.0\hadoop-common-0.21.0.jar;E:\home\liuxianbing\.m2\repository\net\sf\json-lib\json-lib\2.2.1\json-lib-2.2.1.jar;E:\home\liuxianbing\.m2\repository\org\apache\httpcomponents\httpclient\4.0.1\httpclient-4.0.1.jar;E:\home\liuxianbing\.m2\repository\org\apache\httpcomponents\httpcore\4.0.1\httpcore-4.0.1.jar;E:\home\liuxianbing\.m2\repository\commons-beanutils\commons-beanutils\1.8.2\commons-beanutils-1.8.2.jar;E:\home\liuxianbing\.m2\repository\net\sf\ezmorph\ezmorph\1.0.6\ezmorph-1.0.6.jar;E:\home\liuxianbing\.m2\repository\org\slf4j\slf4j-api\1.5.8\slf4j-api-1.5.8.jar;E:\home\liuxianbing\.m2\repository\org\slf4j\slf4j-log4j12\1.5.8\slf4j-log4j12-1.5.8.jar;E:\home\liuxianbing\.m2\repository\org\apache\hadoop\hadoop-hdfs\0.21.0\hadoop-hdfs-0.21.0.jar;E:\home\liuxianbing\.m2\repository\org\apache\hadoop\hadoop-mapred\0.21.0\hadoop-mapred-0.21.0.jar;"/>
    <property name="java.specification.name" value="Java Platform API Specification"/>
    <property name="java.class.version" value="50.0"/>
    <property name="sun.management.compiler" value="HotSpot Client Compiler"/>
    <property name="os.version" value="5.1"/>
    <property name="user.home" value="C:\Documents and Settings\Administrator"/>
    <property name="user.timezone" value=""/>
    <property name="java.awt.printerjob" value="sun.awt.windows.WPrinterJob"/>
    <property name="java.specification.version" value="1.6"/>
    <property name="file.encoding" value="GBK"/>
    <property name="user.name" value="Administrator"/>
    <property name="java.class.path" value="E:\hiveWorkspace\hive-privilege\target\test-classes;E:\hiveWorkspace\hive-privilege\target\classes;E:\home\liuxianbing\.m2\repository\org\apache\hive\hive-exec\0.8.0\hive-exec-0.8.0.jar;E:\home\liuxianbing\.m2\repository\org\apache\hive\hive-common\0.8.0\hive-common-0.8.0.jar;E:\home\liuxianbing\.m2\repository\commons-cli\commons-cli\1.2\commons-cli-1.2.jar;E:\home\liuxianbing\.m2\repository\org\apache\hive\hive-metastore\0.8.0\hive-metastore-0.8.0.jar;E:\home\liuxianbing\.m2\repository\commons-dbcp\commons-dbcp\1.4\commons-dbcp-1.4.jar;E:\home\liuxianbing\.m2\repository\commons-pool\commons-pool\1.5.4\commons-pool-1.5.4.jar;E:\home\liuxianbing\.m2\repository\org\datanucleus\datanucleus-connectionpool\2.0.3\datanucleus-connectionpool-2.0.3.jar;E:\home\liuxianbing\.m2\repository\org\datanucleus\datanucleus-core\2.0.3\datanucleus-core-2.0.3.jar;E:\home\liuxianbing\.m2\repository\org\datanucleus\datanucleus-enhancer\2.0.3\datanucleus-enhancer-2.0.3.jar;E:\home\liuxianbing\.m2\repository\org\datanucleus\datanucleus-rdbms\2.0.3\datanucleus-rdbms-2.0.3.jar;E:\home\liuxianbing\.m2\repository\org\apache\thrift\libfb303\0.7.0\libfb303-0.7.0.jar;E:\home\liuxianbing\.m2\repository\asm\asm\3.1\asm-3.1.jar;E:\home\liuxianbing\.m2\repository\org\apache\hive\hive-serde\0.8.0\hive-serde-0.8.0.jar;E:\home\liuxianbing\.m2\repository\org\mockito\mockito-all\1.8.2\mockito-all-1.8.2.jar;E:\home\liuxianbing\.m2\repository\commons-codec\commons-codec\1.3\commons-codec-1.3.jar;E:\home\liuxianbing\.m2\repository\org\apache\hive\hive-shims\0.8.0\hive-shims-0.8.0.jar;E:\home\liuxianbing\.m2\repository\org\antlr\antlr\3.0.1\antlr-3.0.1.jar;E:\home\liuxianbing\.m2\repository\org\antlr\stringtemplate\3.1-b1\stringtemplate-3.1-b1.jar;E:\home\liuxianbing\.m2\repository\antlr\antlr\2.7.7\antlr-2.7.7.jar;E:\home\liuxianbing\.m2\repository\org\antlr\antlr-runtime\3.0.1\antlr-runtime-3.0.1.jar;E:\home\liuxianbing\.m2\repository\org\apache\zookeeper\zookeeper\3.3.1\zookeeper-3.3.1.jar;E:\home\liuxianbing\.m2\repository\jline\jline\0.9.94\jline-0.9.94.jar;E:\home\liuxianbing\.m2\repository\junit\junit\3.8.1\junit-3.8.1.jar;E:\home\liuxianbing\.m2\repository\com\google\guava\guava\r06\guava-r06.jar;E:\home\liuxianbing\.m2\repository\org\apache\thrift\libthrift\0.7.0\libthrift-0.7.0.jar;E:\home\liuxianbing\.m2\repository\javax\servlet\servlet-api\2.5\servlet-api-2.5.jar;E:\home\liuxianbing\.m2\repository\log4j\log4j\1.2.16\log4j-1.2.16.jar;E:\home\liuxianbing\.m2\repository\org\json\json\20090211\json-20090211.jar;E:\home\liuxianbing\.m2\repository\commons-collections\commons-collections\3.2.1\commons-collections-3.2.1.jar;E:\home\liuxianbing\.m2\repository\commons-lang\commons-lang\2.4\commons-lang-2.4.jar;E:\home\liuxianbing\.m2\repository\commons-logging\commons-logging\1.0.4\commons-logging-1.0.4.jar;E:\home\liuxianbing\.m2\repository\commons-logging\commons-logging-api\1.0.4\commons-logging-api-1.0.4.jar;E:\home\liuxianbing\.m2\repository\org\apache\derby\derby\10.4.2.0\derby-10.4.2.0.jar;E:\home\liuxianbing\.m2\repository\org\apache\hadoop\hive\hive-common\0.8.0\hive-common-0.8.0.jar;E:\home\liuxianbing\.m2\repository\org\apache\hadoop\hive\hive-metastore\0.8.0\hive-metastore-0.8.0.jar;E:\home\liuxianbing\.m2\repository\org\apache\hadoop\hive\hive-jdbc\0.8.0\hive-jdbc-0.8.0.jar;E:\home\liuxianbing\.m2\repository\com\facebook\thrift-fb303\0.5.0\thrift-fb303-0.5.0.jar;E:\home\liuxianbing\.m2\repository\com\facebook\thrift\0.5\thrift-0.5.jar;E:\home\liuxianbing\.m2\repository\org\apache\hadoop\hive\hive_serde\0.8.0-SNAPSHOT\hive_serde-0.8.0-SNAPSHOT.jar;E:\home\liuxianbing\.m2\repository\org\apache\hadoop\hive\hive-service\0.8.0\hive-service-0.8.0.jar;E:\home\liuxianbing\.m2\repository\genome\ge-utils\1.0.0-SNAPSHOT\ge-utils-1.0.0-SNAPSHOT.jar;E:\home\liuxianbing\.m2\repository\net\sourceforge\javacsv\javacsv\2.0\javacsv-2.0.jar;E:\home\liuxianbing\.m2\repository\org\apache\poi\poi\3.8-beta4\poi-3.8-beta4.jar;E:\home\liuxianbing\.m2\repository\org\apache\poi\poi-ooxml\3.8-beta4\poi-ooxml-3.8-beta4.jar;E:\home\liuxianbing\.m2\repository\org\apache\poi\poi-ooxml-schemas\3.8-beta4\poi-ooxml-schemas-3.8-beta4.jar;E:\home\liuxianbing\.m2\repository\org\apache\xmlbeans\xmlbeans\2.3.0\xmlbeans-2.3.0.jar;E:\home\liuxianbing\.m2\repository\stax\stax-api\1.0.1\stax-api-1.0.1.jar;E:\home\liuxianbing\.m2\repository\dom4j\dom4j\1.6.1\dom4j-1.6.1.jar;E:\home\liuxianbing\.m2\repository\xml-apis\xml-apis\1.0.b2\xml-apis-1.0.b2.jar;E:\home\liuxianbing\.m2\repository\org\codehaus\jackson\jackson-mapper-asl\1.9.4\jackson-mapper-asl-1.9.4.jar;E:\home\liuxianbing\.m2\repository\org\codehaus\jackson\jackson-core-asl\1.9.4\jackson-core-asl-1.9.4.jar;E:\home\liuxianbing\.m2\repository\org\codehaus\jackson\jackson-core-lgpl\1.9.4\jackson-core-lgpl-1.9.4.jar;E:\home\liuxianbing\.m2\repository\commons-dbutils\commons-dbutils\1.5\commons-dbutils-1.5.jar;E:\home\liuxianbing\.m2\repository\org\apache\hadoop\hadoop-common\0.21.0\hadoop-common-0.21.0.jar;E:\home\liuxianbing\.m2\repository\net\sf\json-lib\json-lib\2.2.1\json-lib-2.2.1.jar;E:\home\liuxianbing\.m2\repository\org\apache\httpcomponents\httpclient\4.0.1\httpclient-4.0.1.jar;E:\home\liuxianbing\.m2\repository\org\apache\httpcomponents\httpcore\4.0.1\httpcore-4.0.1.jar;E:\home\liuxianbing\.m2\repository\commons-beanutils\commons-beanutils\1.8.2\commons-beanutils-1.8.2.jar;E:\home\liuxianbing\.m2\repository\net\sf\ezmorph\ezmorph\1.0.6\ezmorph-1.0.6.jar;E:\home\liuxianbing\.m2\repository\org\slf4j\slf4j-api\1.5.8\slf4j-api-1.5.8.jar;E:\home\liuxianbing\.m2\repository\org\slf4j\slf4j-log4j12\1.5.8\slf4j-log4j12-1.5.8.jar;E:\home\liuxianbing\.m2\repository\org\apache\hadoop\hadoop-hdfs\0.21.0\hadoop-hdfs-0.21.0.jar;E:\home\liuxianbing\.m2\repository\org\apache\hadoop\hadoop-mapred\0.21.0\hadoop-mapred-0.21.0.jar;"/>
    <property name="java.vm.specification.version" value="1.0"/>
    <property name="sun.arch.data.model" value="32"/>
    <property name="java.home" value="C:\Program Files\Java\jdk1.6.0_25\jre"/>
    <property name="sun.java.command" value="E:\hiveWorkspace\hive-privilege\target\surefire\surefirebooter6095505374534934158.jar E:\hiveWorkspace\hive-privilege\target\surefire\surefire1641871228172834733tmp E:\hiveWorkspace\hive-privilege\target\surefire\surefire7025424203695371021tmp"/>
    <property name="java.specification.vendor" value="Sun Microsystems Inc."/>
    <property name="user.language" value="zh"/>
    <property name="awt.toolkit" value="sun.awt.windows.WToolkit"/>
    <property name="java.vm.info" value="mixed mode, sharing"/>
    <property name="java.version" value="1.6.0_25"/>
    <property name="java.ext.dirs" value="C:\Program Files\Java\jdk1.6.0_25\jre\lib\ext;C:\WINDOWS\Sun\Java\lib\ext"/>
    <property name="sun.boot.class.path" value="C:\Program Files\Java\jdk1.6.0_25\jre\lib\resources.jar;C:\Program Files\Java\jdk1.6.0_25\jre\lib\rt.jar;C:\Program Files\Java\jdk1.6.0_25\jre\lib\sunrsasign.jar;C:\Program Files\Java\jdk1.6.0_25\jre\lib\jsse.jar;C:\Program Files\Java\jdk1.6.0_25\jre\lib\jce.jar;C:\Program Files\Java\jdk1.6.0_25\jre\lib\charsets.jar;C:\Program Files\Java\jdk1.6.0_25\jre\lib\modules\jdk.boot.jar;C:\Program Files\Java\jdk1.6.0_25\jre\classes"/>
    <property name="java.vendor" value="Sun Microsystems Inc."/>
    <property name="localRepository" value="E:\home\liuxianbing\.m2\repository"/>
    <property name="file.separator" value="\"/>
    <property name="java.vendor.url.bug" value="http://java.sun.com/cgi-bin/bugreport.cgi"/>
    <property name="sun.cpu.endian" value="little"/>
    <property name="sun.io.unicode.encoding" value="UnicodeLittle"/>
    <property name="sun.desktop" value="windows"/>
    <property name="sun.cpu.isalist" value="pentium_pro+mmx pentium_pro pentium+mmx pentium i486 i386 i86"/>
  </properties>
</testsuite>